<?xml version="1.0" encoding="UTF-8"?>
<!-- Generated by org.testng.reporters.JUnitReportReporter -->
<testsuite hostname="DESKTOP-KI9J8S8" failures="0" tests="2" name="TestCases.PriorityTest" time="20.127" errors="0" timestamp="2023-01-05T10:55:58 IST" skipped="0">
  <testcase classname="TestCases.PriorityTest" name="AddProductTest" time="13.440"/>
  <testcase classname="TestCases.PriorityTest" name="verifyTitleTest1" time="6.687"/>
</testsuite> <!-- TestCases.PriorityTest -->
