<?xml version="1.0" encoding="UTF-8"?>
<!-- Generated by org.testng.reporters.JUnitReportReporter -->
<testsuite hostname="DESKTOP-KI9J8S8" failures="0" tests="1" name="TestCases.InventoryPagesTest" time="9.550" errors="0" timestamp="2023-01-05T11:13:49 IST" skipped="0">
  <testcase classname="TestCases.InventoryPagesTest" name="verifyPeekLogoTest" time="9.550"/>
</testsuite> <!-- TestCases.InventoryPagesTest -->
