<?xml version="1.0" encoding="UTF-8"?>
<!-- Generated by org.testng.reporters.JUnitReportReporter -->
<testsuite hostname="DESKTOP-KI9J8S8" failures="0" tests="3" name="TestCases.DemoTest" time="27.312" errors="0" timestamp="2023-01-06T16:30:54 IST" skipped="0">
  <testcase classname="TestCases.DemoTest" name="verifyTitleTest1" time="6.079"/>
  <testcase classname="TestCases.DemoTest" name="verifyTitleTest1" time="14.975"/>
  <testcase classname="TestCases.DemoTest" name="verifyTitleTest1" time="6.258"/>
</testsuite> <!-- TestCases.DemoTest -->
