<?xml version="1.0" encoding="UTF-8"?>
<!-- Generated by org.testng.reporters.JUnitReportReporter -->
<testsuite hostname="DESKTOP-KI9J8S8" failures="0" tests="1" name="TestCases.CartPageTest2" time="16.316" errors="0" timestamp="2023-01-09T18:36:06 IST" skipped="0">
  <testcase classname="TestCases.CartPageTest2" name="verifyCheckOutTitleTest" time="16.316"/>
</testsuite> <!-- TestCases.CartPageTest2 -->
