<?xml version="1.0" encoding="UTF-8"?>
<!-- Generated by org.testng.reporters.JUnitReportReporter -->
<testsuite hostname="DESKTOP-KI9J8S8" failures="0" tests="5" name="TestCases.CartPageTest" time="25.863" errors="0" timestamp="2023-01-09T18:19:32 IST" skipped="4">
  <testcase classname="TestCases.CartPageTest" name="checkoutTest" time="25.863"/>
  <testcase classname="TestCases.CartPageTest" name="verifyCartUrlTest">
    <skipped/>
  </testcase> <!-- verifyCartUrlTest -->
  <testcase classname="TestCases.CartPageTest" name="verifyaddItemInCartTest">
    <skipped/>
  </testcase> <!-- verifyaddItemInCartTest -->
  <testcase classname="TestCases.CartPageTest" name="verifyYourCartTextTest">
    <skipped/>
  </testcase> <!-- verifyYourCartTextTest -->
  <testcase classname="TestCases.CartPageTest" name="verifyCountOfCartTest">
    <skipped/>
  </testcase> <!-- verifyCountOfCartTest -->
</testsuite> <!-- TestCases.CartPageTest -->
